c:\users\jhosua\source\repos\mysupportcreature\mysupportcreature\debug\vc143.pdb
c:\users\jhosua\source\repos\mysupportcreature\mysupportcreature\debug\vc143.idb
c:\users\jhosua\source\repos\mysupportcreature\mysupportcreature\debug\main.obj
c:\users\jhosua\source\repos\mysupportcreature\debug\mysupportcreature.exe
c:\users\jhosua\source\repos\mysupportcreature\mysupportcreature\debug\mysupportcreature.ilk
c:\users\jhosua\source\repos\mysupportcreature\debug\mysupportcreature.pdb
c:\users\jhosua\source\repos\mysupportcreature\debug\sfml-graphics-d-2.dll
c:\users\jhosua\source\repos\mysupportcreature\debug\sfml-window-d-2.dll
c:\users\jhosua\source\repos\mysupportcreature\debug\sfml-system-d-2.dll
c:\users\jhosua\source\repos\mysupportcreature\debug\freetyped.dll
c:\users\jhosua\source\repos\mysupportcreature\debug\zlibd1.dll
c:\users\jhosua\source\repos\mysupportcreature\debug\bz2d.dll
c:\users\jhosua\source\repos\mysupportcreature\debug\libpng16d.dll
c:\users\jhosua\source\repos\mysupportcreature\debug\brotlidec.dll
c:\users\jhosua\source\repos\mysupportcreature\debug\brotlicommon.dll
c:\users\jhosua\source\repos\mysupportcreature\debug\libcurl-d.dll
c:\users\jhosua\source\repos\mysupportcreature\mysupportcreature\debug\mysuppor.80699da1.tlog\cl.command.1.tlog
c:\users\jhosua\source\repos\mysupportcreature\mysupportcreature\debug\mysuppor.80699da1.tlog\cl.read.1.tlog
c:\users\jhosua\source\repos\mysupportcreature\mysupportcreature\debug\mysuppor.80699da1.tlog\cl.write.1.tlog
c:\users\jhosua\source\repos\mysupportcreature\mysupportcreature\debug\mysuppor.80699da1.tlog\link.command.1.tlog
c:\users\jhosua\source\repos\mysupportcreature\mysupportcreature\debug\mysuppor.80699da1.tlog\link.read.1.tlog
c:\users\jhosua\source\repos\mysupportcreature\mysupportcreature\debug\mysuppor.80699da1.tlog\link.write.1.tlog
c:\users\jhosua\source\repos\mysupportcreature\mysupportcreature\debug\mysuppor.80699da1.tlog\mysupportcreature.write.1u.tlog
